<?xml version="1.0" encoding="UTF-8"?>
<!-- Generated by org.testng.reporters.JUnitReportReporter -->
<testsuite hostname="DESKTOP-TQN180S" failures="0" tests="16" name="com.TricentisVehicleProject.AllTests" time="440.893" errors="0" timestamp="2025-05-22T19:57:23 IST" skipped="0">
  <testcase classname="com.TricentisVehicleProject.AllTests" name="automobileTests" time="48.888"/>
  <testcase classname="com.TricentisVehicleProject.AllTests" name="automobileTests" time="34.453"/>
  <testcase classname="com.TricentisVehicleProject.AllTests" name="automobileTests" time="35.053"/>
  <testcase classname="com.TricentisVehicleProject.AllTests" name="automobileTests" time="34.525"/>
  <testcase classname="com.TricentisVehicleProject.AllTests" name="truckTests" time="24.156"/>
  <testcase classname="com.TricentisVehicleProject.AllTests" name="truckTests" time="24.229"/>
  <testcase classname="com.TricentisVehicleProject.AllTests" name="truckTests" time="23.863"/>
  <testcase classname="com.TricentisVehicleProject.AllTests" name="truckTests" time="24.137"/>
  <testcase classname="com.TricentisVehicleProject.AllTests" name="motorcycleTests" time="25.420"/>
  <testcase classname="com.TricentisVehicleProject.AllTests" name="motorcycleTests" time="24.032"/>
  <testcase classname="com.TricentisVehicleProject.AllTests" name="motorcycleTests" time="24.634"/>
  <testcase classname="com.TricentisVehicleProject.AllTests" name="motorcycleTests" time="24.134"/>
  <testcase classname="com.TricentisVehicleProject.AllTests" name="camperTests" time="23.633"/>
  <testcase classname="com.TricentisVehicleProject.AllTests" name="camperTests" time="23.097"/>
  <testcase classname="com.TricentisVehicleProject.AllTests" name="camperTests" time="23.563"/>
  <testcase classname="com.TricentisVehicleProject.AllTests" name="camperTests" time="23.076"/>
</testsuite> <!-- com.TricentisVehicleProject.AllTests -->
